<?xml version="1.0" encoding="UTF-8"?>
<testsuite name="TestSuite" time="26.366" tests="1" errors="0" skipped="0" failures="0">
  <properties>
    <property name="PROCESSOR_ARCHITECTURE" value="AMD64"/>
    <property name="file.encoding.pkg" value="sun.io"/>
    <property name="LOGONSERVER" value="\\CSCDC8NOI001"/>
    <property name="ProgramData" value="C:\ProgramData"/>
    <property name="java.home" value="C:\Program Files\Java\jdk1.8.0_151\jre"/>
    <property name="NODE_NAME" value="master"/>
    <property name="JENKINS_URL" value="http://localhost:8080/"/>
    <property name="CATALINA_HOME" value="C:\apache-tomcat-7.0.82-windows-x64"/>
    <property name="ALLUSERSPROFILE" value="C:\ProgramData"/>
    <property name="java.endorsed.dirs" value="C:\Program Files\Java\jdk1.8.0_151\jre\lib\endorsed"/>
    <property name="EMET_CE" value="I:-1;S:0;F:0;E:0;V:Jan 28 2016 17:46:33"/>
    <property name="PSModulePath" value="C:\Program Files (x86)\WindowsPowerShell\Modules;C:\Windows\system32\WindowsPowerShell\v1.0\Modules;C:\Program Files (x86)\AutoIt3\AutoItX"/>
    <property name="=::" value="::\"/>
    <property name="USERDOMAIN" value="ASIAPAC"/>
    <property name="sun.os.patch.level" value=""/>
    <property name="java.vendor.url" value="http://java.oracle.com/"/>
    <property name="CommonProgramFiles(x86)" value="C:\Program Files (x86)\Common Files"/>
    <property name="java.version" value="1.8.0_151"/>
    <property name="JOB_NAME" value="Green Cargo Report"/>
    <property name="COMPUTERNAME" value="CSCINDAH503788"/>
    <property name="java.vendor.url.bug" value="http://bugreport.sun.com/bugreport/"/>
    <property name="PUBLIC" value="C:\Users\Public"/>
    <property name="DADIR" value="C:\Program Files (x86)\CheckPoint\Endpoint Security\Endpoint Common"/>
    <property name="user.name" value="PSOODAN"/>
    <property name="sun.io.unicode.encoding" value="UnicodeLittle"/>
    <property name="sun.jnu.encoding" value="Cp1252"/>
    <property name="java.runtime.name" value="Java(TM) SE Runtime Environment"/>
    <property name="windir" value="C:\Windows"/>
    <property name="PROCESSOR_IDENTIFIER" value="Intel64 Family 6 Model 69 Stepping 1, GenuineIntel"/>
    <property name="java.specification.name" value="Java Platform API Specification"/>
    <property name="LOCALAPPDATA" value="C:\Users\psoodan\AppData\Local"/>
    <property name="RUN_CHANGES_DISPLAY_URL" value="http://localhost:8080/job/Green%20Cargo%20Report/10/display/redirect?page=changes"/>
    <property name="user.timezone" value="Asia/Calcutta"/>
    <property name="user.script" value=""/>
    <property name="path.separator" value=";"/>
    <property name="NUMBER_OF_PROCESSORS" value="4"/>
    <property name="BUILD_TAG" value="jenkins-Green Cargo Report-10"/>
    <property name="file.encoding" value="Cp1252"/>
    <property name="sun.java.command" value="jenkins.maven3.agent.Maven35Main C:\Users\psoodan\.jenkins\tools\hudson.tasks.Maven_MavenInstallation\MAVEN_HOME C:\Users\psoodan\.jenkins\war\WEB-INF\lib\remoting-3.17.jar C:\Users\psoodan\.jenkins\plugins\maven-plugin\WEB-INF\lib\maven35-interceptor-1.12-alpha-1.jar C:\Users\psoodan\.jenkins\plugins\maven-plugin\WEB-INF\lib\maven3-interceptor-commons-1.12-alpha-1.jar 57922"/>
    <property name="HUDSON_URL" value="http://localhost:8080/"/>
    <property name="JENKINS_SERVER_COOKIE" value="551bebd358b57067"/>
    <property name="HOME_JAVA" value="C:\Program Files\Java\jdk1.8.0_151"/>
    <property name="EXECUTOR_NUMBER" value="1"/>
    <property name="Path" value="C:\Program Files\Java\jdk1.8.0_151/bin;C:\ProgramData\Oracle\Java\javapath;C:\Windows\system32;C:\Windows;C:\Windows\System32\Wbem;C:\Windows\System32\WindowsPowerShell\v1.0\;C:\Program Files (x86)\CheckPoint\Endpoint Security\Endpoint Common\bin;C:\Program Files\Java\jre1.8.0_151\bin;C:\Program Files\Apache\maven\apache-maven-3.5.2\bin;C:\Program Files\Git\bin;C:\Users\psoodan\AppData\Local\GitHubDesktop\bin"/>
    <property name="GIT_COMMIT" value="f7bac7096036004ac12a0d82117fbed7c3e9b013"/>
    <property name="java.io.tmpdir" value="C:\Users\psoodan\AppData\Local\Temp\"/>
    <property name="APPDATA" value="C:\Users\psoodan\AppData\Roaming"/>
    <property name="DEFLOGDIR" value="C:\ProgramData\McAfee\DesktopProtection"/>
    <property name="user.language" value="en"/>
    <property name="line.separator" value="&#10;"/>
    <property name="BUILD_URL" value="http://localhost:8080/job/Green%20Cargo%20Report/10/"/>
    <property name="M2_HOME" value="C:\Users\psoodan\.jenkins\tools\hudson.tasks.Maven_MavenInstallation\MAVEN_HOME"/>
    <property name="=C:" value="C:\"/>
    <property name="java.vm.info" value="mixed mode"/>
    <property name="sun.desktop" value="windows"/>
    <property name="java.vm.specification.name" value="Java Virtual Machine Specification"/>
    <property name="BUILD_DISPLAY_NAME" value="#10"/>
    <property name="OS" value="Windows_NT"/>
    <property name="guice.disable.misplaced.annotation.check" value="true"/>
    <property name="HUDSON_SERVER_COOKIE" value="551bebd358b57067"/>
    <property name="JRE_HOME" value="C:\Program Files\Java\jre1.8.0_151"/>
    <property name="MAVEN_HOME" value="C:\Users\psoodan\.jenkins\tools\hudson.tasks.Maven_MavenInstallation\MAVEN_HOME"/>
    <property name="SESSIONNAME" value="Console"/>
    <property name="PATHEXT" value=".COM;.EXE;.BAT;.CMD;.VBS;.VBE;.JS;.JSE;.WSF;.WSH;.MSC"/>
    <property name="java.awt.printerjob" value="sun.awt.windows.WPrinterJob"/>
    <property name="maven3.interceptor.common" value="C:\Users\psoodan\.jenkins\plugins\maven-plugin\WEB-INF\lib\maven3-interceptor-commons-1.12-alpha-1.jar"/>
    <property name="CLASSPATH" value=""/>
    <property name="SOESystemPartitionLabel" value="CSC SOE"/>
    <property name="HOMEPATH" value="\Users\psoodan"/>
    <property name="os.name" value="Windows 10"/>
    <property name="java.specification.vendor" value="Oracle Corporation"/>
    <property name="java.vm.name" value="Java HotSpot(TM) 64-Bit Server VM"/>
    <property name="BUILD_NUMBER" value="10"/>
    <property name="maven3.interceptor" value="C:\Users\psoodan\.jenkins\plugins\maven-plugin\WEB-INF\lib\maven35-interceptor-1.12-alpha-1.jar"/>
    <property name="java.library.path" value="C:\Program Files\Java\jdk1.8.0_151\bin;C:\Windows\Sun\Java\bin;C:\Windows\system32;C:\Windows;C:\Users\psoodan\.jenkins\tools\hudson.tasks.Maven_MavenInstallation\MAVEN_HOME/bin;C:\Program Files\Java\jdk1.8.0_151/bin;C:\Program Files\Java\jdk1.8.0_151/bin;C:\ProgramData\Oracle\Java\javapath;C:\Windows\system32;C:\Windows;C:\Windows\System32\Wbem;C:\Windows\System32\WindowsPowerShell\v1.0\;C:\Program Files (x86)\CheckPoint\Endpoint Security\Endpoint Common\bin;C:\Program Files\Java\jre1.8.0_151\bin;C:\Program Files\Apache\maven\apache-maven-3.5.2\bin;C:\Program Files\Git\bin;C:\Users\psoodan\AppData\Local\GitHubDesktop\bin;."/>
    <property name="HOMEDRIVE" value="C:"/>
    <property name="POM_GROUPID" value="JenkinsReport"/>
    <property name="POM_ARTIFACTID" value="TestReport"/>
    <property name="java.class.version" value="52.0"/>
    <property name="JOB_URL" value="http://localhost:8080/job/Green%20Cargo%20Report/"/>
    <property name="GIT_HOME" value="C:\Program Files\Git"/>
    <property name="GIT_PREVIOUS_COMMIT" value="f7bac7096036004ac12a0d82117fbed7c3e9b013"/>
    <property name="GIT_BRANCH" value="origin/master"/>
    <property name="RUN_DISPLAY_URL" value="http://localhost:8080/job/Green%20Cargo%20Report/10/display/redirect"/>
    <property name="JENKINS_HOME" value="C:\Users\psoodan\.jenkins"/>
    <property name="BUILD_ID" value="10"/>
    <property name="TEMP" value="C:\Users\psoodan\AppData\Local\Temp"/>
    <property name="sun.boot.library.path" value="C:\Program Files\Java\jdk1.8.0_151\jre\bin"/>
    <property name="sun.management.compiler" value="HotSpot 64-Bit Tiered Compilers"/>
    <property name="java.awt.graphicsenv" value="sun.awt.Win32GraphicsEnvironment"/>
    <property name="user.variant" value=""/>
    <property name="PROCESSOR_REVISION" value="4501"/>
    <property name="POM_VERSION" value="0.0.1-SNAPSHOT"/>
    <property name="VSEDEFLOGDIR" value="C:\ProgramData\McAfee\DesktopProtection"/>
    <property name="HUDSON_HOME" value="C:\Users\psoodan\.jenkins"/>
    <property name="GIT_PREVIOUS_SUCCESSFUL_COMMIT" value="f7bac7096036004ac12a0d82117fbed7c3e9b013"/>
    <property name="ProgramFiles(x86)" value="C:\Program Files (x86)"/>
    <property name="PATH+MAVEN" value="C:\Users\psoodan\.jenkins\tools\hudson.tasks.Maven_MavenInstallation\MAVEN_HOME/bin"/>
    <property name="USERDOMAIN_ROAMINGPROFILE" value="ASIAPAC"/>
    <property name="SCITE_USERHOME" value="C:\Users\psoodan\AppData\Local\AutoIt v3\SciTE"/>
    <property name="PROMPT" value="$P$G"/>
    <property name="java.vm.specification.version" value="1.8"/>
    <property name="JAVA_HOME" value="C:\Program Files\Java\jdk1.8.0_151"/>
    <property name="awt.toolkit" value="sun.awt.windows.WToolkit"/>
    <property name="NODE_LABELS" value="master"/>
    <property name="sun.cpu.isalist" value="amd64"/>
    <property name="USERPROFILE" value="C:\Users\psoodan"/>
    <property name="JOB_DISPLAY_URL" value="http://localhost:8080/job/Green%20Cargo%20Report/display/redirect"/>
    <property name="java.ext.dirs" value="C:\Program Files\Java\jdk1.8.0_151\jre\lib\ext;C:\Windows\Sun\Java\lib\ext"/>
    <property name="os.version" value="10.0"/>
    <property name="user.home" value="C:\Users\psoodan"/>
    <property name="USERNAME" value="PSOODAN"/>
    <property name="java.vm.vendor" value="Oracle Corporation"/>
    <property name="PROCESSOR_LEVEL" value="6"/>
    <property name="USERDNSDOMAIN" value="ASIAPAC.GLOBALCSC.NET"/>
    <property name="CommonProgramW6432" value="C:\Program Files\Common Files"/>
    <property name="user.dir" value="C:\Users\psoodan\workspace\TestReport"/>
    <property name="maven.conf" value="C:\Users\psoodan\.jenkins\tools\hudson.tasks.Maven_MavenInstallation\MAVEN_HOME\conf"/>
    <property name="ProgramW6432" value="C:\Program Files"/>
    <property name="TMP" value="C:\Users\psoodan\AppData\Local\Temp"/>
    <property name="sun.cpu.endian" value="little"/>
    <property name="SystemDrive" value="C:"/>
    <property name="java.vm.version" value="25.151-b12"/>
    <property name="java.class.path" value="C:\Users\psoodan\.jenkins\plugins\maven-plugin\WEB-INF\lib\maven35-agent-1.12-alpha-1.jar;C:\Users\psoodan\.jenkins\tools\hudson.tasks.Maven_MavenInstallation\MAVEN_HOME\boot\plexus-classworlds-2.5.2.jar;C:\Users\psoodan\.jenkins\tools\hudson.tasks.Maven_MavenInstallation\MAVEN_HOME/conf/logging"/>
    <property name="org.slf4j.simpleLogger.defaultLogLevel" value="info"/>
    <property name="os.arch" value="amd64"/>
    <property name="WORKSPACE" value="C:\Users\psoodan\.jenkins\workspace\Green Cargo Report"/>
    <property name="ComSpec" value="C:\Windows\system32\cmd.exe"/>
    <property name="sun.java.launcher" value="SUN_STANDARD"/>
    <property name="FPS_BROWSER_APP_PROFILE_STRING" value="Internet Explorer"/>
    <property name="SystemRoot" value="C:\Windows"/>
    <property name="SOEDataPartition" value="C:"/>
    <property name="CommonProgramFiles" value="C:\Program Files\Common Files"/>
    <property name="java.vm.specification.vendor" value="Oracle Corporation"/>
    <property name="FPS_BROWSER_USER_PROFILE_STRING" value="Default"/>
    <property name="file.separator" value="\"/>
    <property name="java.runtime.version" value="1.8.0_151-b12"/>
    <property name="ProgramFiles" value="C:\Program Files"/>
    <property name="sun.boot.class.path" value="C:\Program Files\Java\jdk1.8.0_151\jre\lib\resources.jar;C:\Program Files\Java\jdk1.8.0_151\jre\lib\rt.jar;C:\Program Files\Java\jdk1.8.0_151\jre\lib\sunrsasign.jar;C:\Program Files\Java\jdk1.8.0_151\jre\lib\jsse.jar;C:\Program Files\Java\jdk1.8.0_151\jre\lib\jce.jar;C:\Program Files\Java\jdk1.8.0_151\jre\lib\charsets.jar;C:\Program Files\Java\jdk1.8.0_151\jre\lib\jfr.jar;C:\Program Files\Java\jdk1.8.0_151\jre\classes"/>
    <property name="PATH+JDK" value="C:\Program Files\Java\jdk1.8.0_151/bin"/>
    <property name="user.country" value="US"/>
    <property name="POM_PACKAGING" value="jar"/>
    <property name="maven.home" value="C:\Users\psoodan\.jenkins\tools\hudson.tasks.Maven_MavenInstallation\MAVEN_HOME"/>
    <property name="JOB_BASE_NAME" value="Green Cargo Report"/>
    <property name="java.vendor" value="Oracle Corporation"/>
    <property name="POM_DISPLAYNAME" value="TestReport"/>
    <property name="java.specification.version" value="1.8"/>
    <property name="sun.arch.data.model" value="64"/>
    <property name="GIT_URL" value="https://github.com/psoodan/GreenCargo"/>
  </properties>
  <testcase name="greenCargoReport" classname="JenkinsReport.TestReport.ReportDownload" time="26.366"/>
</testsuite>