<?xml version="1.0" encoding="UTF-8"?>
<!-- Generated by org.testng.reporters.JUnitReportReporter -->
<testsuite skipped="0" hostname="CSCINDAH503788" name="JenkinsReport.TestReport.ReportDownload" tests="1" failures="0" timestamp="22 Mar 2018 06:51:47 GMT" time="31.142" errors="0">
  <testcase name="greenCargoReport" time="31.142" classname="JenkinsReport.TestReport.ReportDownload"/>
</testsuite> <!-- JenkinsReport.TestReport.ReportDownload -->
