<?xml version="1.0" encoding="UTF-8"?>
<!-- Generated by org.testng.reporters.JUnitReportReporter -->
<testsuite skipped="0" hostname="CSCINDAH503788" name="JenkinsReport.TestReport.ReportDownload" tests="1" failures="0" timestamp="29 Mar 2018 06:55:30 GMT" time="22.152" errors="0">
  <testcase name="greenCargoReport" time="22.152" classname="JenkinsReport.TestReport.ReportDownload"/>
</testsuite> <!-- JenkinsReport.TestReport.ReportDownload -->
