<?xml version="1.0" encoding="UTF-8"?>
<!-- Generated by org.testng.reporters.JUnitReportReporter -->
<testsuite skipped="0" hostname="CSCINDAH503788" name="JenkinsReport.TestReport.ReportDownload" tests="1" failures="0" timestamp="12 Feb 2018 21:40:07 GMT" time="28.517" errors="0">
  <testcase name="greenCargoReport" time="28.517" classname="JenkinsReport.TestReport.ReportDownload"/>
</testsuite> <!-- JenkinsReport.TestReport.ReportDownload -->
