<?xml version="1.0" encoding="UTF-8"?>
<!-- Generated by org.testng.reporters.JUnitReportReporter -->
<testsuite skipped="0" hostname="CSCINDAH503788" name="JenkinsReport.TestReport.ReportDownload" tests="1" failures="0" timestamp="28 Mar 2018 03:08:36 GMT" time="26.365" errors="0">
  <testcase name="greenCargoReport" time="26.365" classname="JenkinsReport.TestReport.ReportDownload"/>
</testsuite> <!-- JenkinsReport.TestReport.ReportDownload -->
